# --- SDE-COPYRIGHT-NOTE-BEGIN ---
# This copyright note is auto-generated by ./scripts/Create-CopyPatch.
#
# Filename: package/.../linux26mm/disable-broken.lst
# Copyright (C) 1998 - 2003 Clifford Wolf
#
# More information can be found in the files COPYING and README.
#
# This program is free software; you can redistribute it and/or modify
# it under the terms of the GNU General Public License as published by
# the Free Software Foundation; version 2 of the License. A copy of the
# GNU General Public License can be found in the file COPYING.
# --- SDE-COPYRIGHT-NOTE-END ---

CONFIG_PNPBIOS			2003-08-26	2.6.0-test4 # compiles but freezes

CONFIG_BLK_DEV_IDESCSI		2003-12-24	2.6.0 # it is currently broken and obsolete anyway
CONFIG_FB_RADEON_OLD		2004-10-25	2.6.9 # it is obsolete and oopses on auto-detected load due to in-kernel new FB_RADEON driver ...
CONFIG_BLK_DEV_UB		2005-01-21	2.6.9/10 # the driver just sucks
CONFIG_DEVFS			2005-06-19	2.6.x	# obsolete in T2 2.2
CONFIG_SOUND_PRIME		2006-01-06	obsolete
QLOGIC_FC			2006-01-20	obsolete
CONFIG_EEPRO100			2006-02-01	obsolete
CONFIG_USB_SISUSBVGA		2006-05-15	broken right now
