# --- SDE-COPYRIGHT-NOTE-BEGIN ---
# This copyright note is auto-generated by ./scripts/Create-CopyPatch.
#
# Filename: package/.../linux-rt/disable-broken.lst
# Copyright (C) 2007 The OpenSDE Project
# Copyright (C) 1998 - 2003 Clifford Wolf
#
# More information can be found in the files COPYING and README.
#
# This program is free software; you can redistribute it and/or modify
# it under the terms of the GNU General Public License as published by
# the Free Software Foundation; version 2 of the License. A copy of the
# GNU General Public License can be found in the file COPYING.
# --- SDE-COPYRIGHT-NOTE-END ---

CONFIG_PNPBIOS			2003-08-26	compiles but freezes (2.6.0-test4)
CONFIG_BLK_DEV_IDESCSI		2003-12-24	broken and obsolete anyway (2.6.0)
CONFIG_FB_RADEON_OLD		2004-10-25	obsolete and oopses on auto-detected load due to in-kernel new FB_RADEON driver (2.6.9)
CONFIG_BLK_DEV_UB		2005-01-21	the driver just sucks (2.6.9/10)
CONFIG_DEVFS			2005-06-19	obsolete in OpenSDE (2.6.x)
CONFIG_SOUND_PRIME		2006-01-06	obsolete
CONFIG_QLOGIC_FC		2006-01-20	obsolete
CONFIG_EEPRO100			2006-02-01	obsolete
